Arguments: 
  /Users/minobe/.nvm/versions/node/v8.9.3/bin/node /Users/minobe/.nvm/versions/node/v8.9.3/bin/yarn remove google-closure-library

PATH: 
  /usr/local/opt/curl/bin:/Users/minobe/code/istio-0.6.0/bin:/Users/minobe/.pyenv/shims:/Users/minobe/.pyenv/bin:/usr/local/opt/openssl/bin:/Users/minobe/.gvm/bin:/Applications/google-cloud-sdk/bin:/Users/minobe/.nvm/versions/node/v8.9.3/bin:/usr/local/bin:/usr/bin:/bin:/usr/sbin:/sbin:/usr/local/go/bin:/Applications/Wireshark.app/Contents/MacOS:/usr/local/opt/curl/bin:/Users/minobe/code/istio-0.6.0/bin:/Users/minobe/.pyenv/shims:/Users/minobe/.pyenv/bin:/usr/local/opt/openssl/bin:/Users/minobe/.gvm/bin:/Applications/google-cloud-sdk/bin:/Users/minobe/.gvm/gos/go1.10/bin:/Users/minobe/code/go/bin:/usr/local/mecab/bin:/Users/minobe/.gvm/gos/go1.10/bin:/Users/minobe/code/go/bin:/usr/local/mecab/bin

Yarn version: 
  1.5.1

Node version: 
  8.9.3

Platform: 
  darwin x64

npm manifest: 
  No manifest

yarn manifest: 
  No manifest

Lockfile: 
  No lockfile

Trace: 
  Error: No lockfile in this directory. Run `yarn install` to generate one.
      at new MessageError (/Users/minobe/.nvm/versions/node/v8.9.3/lib/node_modules/yarn/lib/cli.js:186:110)
      at /Users/minobe/.nvm/versions/node/v8.9.3/lib/node_modules/yarn/lib/cli.js:89389:13
      at <anonymous>
